0 info it worked if it ends with ok
1 verbose cli [ '/usr/local/bin/node',
1 verbose cli   '/usr/local/bin/npm',
1 verbose cli   'config',
1 verbose cli   'get',
1 verbose cli   'prefix' ]
2 info using npm@3.10.10
3 info using node@v7.3.0
4 verbose stack Error: Cannot find module 'http-signature'
4 verbose stack     at Function.Module._resolveFilename (module.js:470:15)
4 verbose stack     at Function.Module._load (module.js:418:25)
4 verbose stack     at Module.require (module.js:498:17)
4 verbose stack     at require (internal/module.js:20:19)
4 verbose stack     at Object.<anonymous> (/usr/local/lib/node_modules/npm/node_modules/request/request.js:13:21)
4 verbose stack     at Module._compile (module.js:571:32)
4 verbose stack     at Object.Module._extensions..js (module.js:580:10)
4 verbose stack     at Module.load (module.js:488:32)
4 verbose stack     at tryModuleLoad (module.js:447:12)
4 verbose stack     at Function.Module._load (module.js:439:3)
5 verbose cwd /Users/hodzumitakanori/Desktop/git/test/mitano
6 error Darwin 17.6.0
7 error argv "/usr/local/bin/node" "/usr/local/bin/npm" "config" "get" "prefix"
8 error node v7.3.0
9 error npm  v3.10.10
10 error code MODULE_NOT_FOUND
11 error Cannot find module 'http-signature'
12 error If you need help, you may report this error at:
12 error     <https://github.com/npm/npm/issues>
13 verbose exit [ 1, true ]
