  [1m[35m (0.2ms)[0m  [1m[34mSELECT sqlite_version(*)[0m
  [1m[35m (3.2ms)[0m  [1m[35mCREATE TABLE "schema_migrations" ("version" varchar NOT NULL PRIMARY KEY)[0m
  [1m[35m (3.2ms)[0m  [1m[35mCREATE TABLE "ar_internal_metadata" ("key" varchar NOT NULL PRIMARY KEY, "value" varchar, "created_at" datetime NOT NULL, "updated_at" datetime NOT NULL)[0m
  [1m[35m (0.3ms)[0m  [1m[34mSELECT "schema_migrations"."version" FROM "schema_migrations" ORDER BY "schema_migrations"."version" ASC[0m
Migrating to DeviseCreateUsers (20180209090328)
  [1m[35m (0.1ms)[0m  [1m[36mbegin transaction[0m
  [1m[35m (0.6ms)[0m  [1m[35mCREATE TABLE "users" ("id" INTEGER PRIMARY KEY AUTOINCREMENT NOT NULL, "email" varchar DEFAULT '' NOT NULL, "encrypted_password" varchar DEFAULT '' NOT NULL, "reset_password_token" varchar, "reset_password_sent_at" datetime, "remember_created_at" datetime, "sign_in_count" integer DEFAULT 0 NOT NULL, "current_sign_in_at" datetime, "last_sign_in_at" datetime, "current_sign_in_ip" varchar, "last_sign_in_ip" varchar, "created_at" datetime NOT NULL, "updated_at" datetime NOT NULL)[0m
  [1m[35m (0.3ms)[0m  [1m[35mCREATE UNIQUE INDEX "index_users_on_email" ON "users" ("email")[0m
  [1m[35m (0.2ms)[0m  [1m[34m            SELECT sql
            FROM sqlite_master
            WHERE name='index_users_on_email' AND type='index'
            UNION ALL
            SELECT sql
            FROM sqlite_temp_master
            WHERE name='index_users_on_email' AND type='index'
[0m
  [1m[35m (0.2ms)[0m  [1m[35mCREATE UNIQUE INDEX "index_users_on_reset_password_token" ON "users" ("reset_password_token")[0m
  [1m[35mSQL (0.3ms)[0m  [1m[32mINSERT INTO "schema_migrations" ("version") VALUES (?)[0m  [["version", "20180209090328"]]
  [1m[35m (1.5ms)[0m  [1m[36mcommit transaction[0m
  [1m[36mActiveRecord::InternalMetadata Load (0.4ms)[0m  [1m[34mSELECT  "ar_internal_metadata".* FROM "ar_internal_metadata" WHERE "ar_internal_metadata"."key" = ? LIMIT ?[0m  [["key", "environment"], ["LIMIT", 1]]
  [1m[35m (0.1ms)[0m  [1m[36mbegin transaction[0m
  [1m[35mSQL (0.6ms)[0m  [1m[32mINSERT INTO "ar_internal_metadata" ("key", "value", "created_at", "updated_at") VALUES (?, ?, ?, ?)[0m  [["key", "environment"], ["value", "development"], ["created_at", "2018-04-30 03:36:22.845516"], ["updated_at", "2018-04-30 03:36:22.845516"]]
  [1m[35m (6.2ms)[0m  [1m[36mcommit transaction[0m
  [1m[35m (0.2ms)[0m  [1m[34mSELECT "schema_migrations"."version" FROM "schema_migrations" ORDER BY "schema_migrations"."version" ASC[0m
  [1m[35m (0.2ms)[0m  [1m[34m            SELECT sql
            FROM sqlite_master
            WHERE name='index_users_on_reset_password_token' AND type='index'
            UNION ALL
            SELECT sql
            FROM sqlite_temp_master
            WHERE name='index_users_on_reset_password_token' AND type='index'
[0m
  [1m[35m (0.2ms)[0m  [1m[34m            SELECT sql
            FROM sqlite_master
            WHERE name='index_users_on_email' AND type='index'
            UNION ALL
            SELECT sql
            FROM sqlite_temp_master
            WHERE name='index_users_on_email' AND type='index'
[0m
Started GET "/" for 127.0.0.1 at 2018-04-30 12:36:39 +0900
  [1m[35m (2.1ms)[0m  [1m[34mSELECT "schema_migrations"."version" FROM "schema_migrations" ORDER BY "schema_migrations"."version" ASC[0m
Processing by PagesController#index as HTML
  Rendering pages/index.html.erb within layouts/application
  Rendered pages/index.html.erb within layouts/application (4.4ms)
Completed 500 Internal Server Error in 5712ms (ActiveRecord: 0.0ms)


  
ActionView::Template::Error (couldn't find file 'jquery' with type 'application/javascript'
Checked in these paths: 
  /Users/hodzumitakanori/Desktop/git/2/develop/Ruby/ShareImpression/app/assets/config
  /Users/hodzumitakanori/Desktop/git/2/develop/Ruby/ShareImpression/app/assets/images
  /Users/hodzumitakanori/Desktop/git/2/develop/Ruby/ShareImpression/app/assets/javascripts
  /Users/hodzumitakanori/Desktop/git/2/develop/Ruby/ShareImpression/app/assets/stylesheets
  /Users/hodzumitakanori/.rbenv/versions/2.4.0/lib/ruby/gems/2.4.0/gems/coffee-rails-4.2.2/lib/assets/javascripts
  /Users/hodzumitakanori/.rbenv/versions/2.4.0/lib/ruby/gems/2.4.0/gems/actioncable-5.1.6/lib/assets/compiled
  /Users/hodzumitakanori/.rbenv/versions/2.4.0/lib/ruby/gems/2.4.0/gems/actionview-5.1.6/lib/assets/compiled
  /Users/hodzumitakanori/.rbenv/versions/2.4.0/lib/ruby/gems/2.4.0/gems/turbolinks-source-5.1.0/lib/assets/javascripts
  /Users/hodzumitakanori/Desktop/git/2/develop/Ruby/ShareImpression/node_modules
  /Users/hodzumitakanori/.rbenv/versions/2.4.0/lib/ruby/gems/2.4.0/gems/bootstrap-sass-3.3.7/assets/stylesheets
  /Users/hodzumitakanori/.rbenv/versions/2.4.0/lib/ruby/gems/2.4.0/gems/bootstrap-sass-3.3.7/assets/javascripts
  /Users/hodzumitakanori/.rbenv/versions/2.4.0/lib/ruby/gems/2.4.0/gems/bootstrap-sass-3.3.7/assets/fonts
  /Users/hodzumitakanori/.rbenv/versions/2.4.0/lib/ruby/gems/2.4.0/gems/bootstrap-sass-3.3.7/assets/images):
    4:     <title>mitano</title>
    5:     <%= csrf_meta_tags %>
    6: 
    7:     <%= stylesheet_link_tag    'application', media: 'all', 'data-turbolinks-track': 'reload' %>
    8:     <%= javascript_include_tag 'application', 'data-turbolinks-track': 'reload' %>
    9:   </head>
   10: 
  
app/assets/javascripts/application.js:16
app/views/layouts/application.html.erb:7:in `_app_views_layouts_application_html_erb__2721559172102047108_70174534565280'
Started GET "/" for 127.0.0.1 at 2018-04-30 12:38:05 +0900
  [1m[35m (2.6ms)[0m  [1m[34mSELECT "schema_migrations"."version" FROM "schema_migrations" ORDER BY "schema_migrations"."version" ASC[0m
Processing by PagesController#index as HTML
  Rendering pages/index.html.erb within layouts/application
  Rendered pages/index.html.erb within layouts/application (5.2ms)
Completed 200 OK in 4527ms (Views: 4513.4ms | ActiveRecord: 0.0ms)


Started GET "/users/sign_in" for 127.0.0.1 at 2018-04-30 12:38:30 +0900
Processing by Devise::SessionsController#new as HTML
  Rendering devise/sessions/new.html.erb within layouts/application
  Rendered partial/_navbar.html.erb (1.0ms)
  Rendered devise/shared/_links.html.erb (2.1ms)
  Rendered devise/sessions/new.html.erb within layouts/application (96.0ms)
Completed 200 OK in 226ms (Views: 196.1ms | ActiveRecord: 0.9ms)


Started GET "/users/sign_up" for 127.0.0.1 at 2018-04-30 12:38:32 +0900
Processing by Devise::RegistrationsController#new as HTML
  Rendering devise/registrations/new.html.erb within layouts/application
  Rendered partial/_navbar.html.erb (2.0ms)
  Rendered devise/shared/_links.html.erb (1.8ms)
  Rendered devise/registrations/new.html.erb within layouts/application (18.4ms)
Completed 200 OK in 135ms (Views: 132.9ms | ActiveRecord: 0.0ms)


Started GET "/" for 127.0.0.1 at 2018-04-30 12:49:35 +0900
  [1m[35m (2.4ms)[0m  [1m[34mSELECT "schema_migrations"."version" FROM "schema_migrations" ORDER BY "schema_migrations"."version" ASC[0m
  
ActiveRecord::PendingMigrationError (

Migrations are pending. To resolve this issue, run:

        bin/rails db:migrate RAILS_ENV=development

):
  
activerecord (5.1.4) lib/active_record/migration.rb:576:in `check_pending!'
activerecord (5.1.4) lib/active_record/migration.rb:553:in `call'
actionpack (5.1.4) lib/action_dispatch/middleware/callbacks.rb:26:in `block in call'
activesupport (5.1.4) lib/active_support/callbacks.rb:97:in `run_callbacks'
actionpack (5.1.4) lib/action_dispatch/middleware/callbacks.rb:24:in `call'
actionpack (5.1.4) lib/action_dispatch/middleware/executor.rb:12:in `call'
actionpack (5.1.4) lib/action_dispatch/middleware/debug_exceptions.rb:59:in `call'
web-console (3.5.1) lib/web_console/middleware.rb:135:in `call_app'
web-console (3.5.1) lib/web_console/middleware.rb:28:in `block in call'
web-console (3.5.1) lib/web_console/middleware.rb:18:in `catch'
web-console (3.5.1) lib/web_console/middleware.rb:18:in `call'
actionpack (5.1.4) lib/action_dispatch/middleware/show_exceptions.rb:31:in `call'
railties (5.1.4) lib/rails/rack/logger.rb:36:in `call_app'
railties (5.1.4) lib/rails/rack/logger.rb:24:in `block in call'
activesupport (5.1.4) lib/active_support/tagged_logging.rb:69:in `block in tagged'
activesupport (5.1.4) lib/active_support/tagged_logging.rb:26:in `tagged'
activesupport (5.1.4) lib/active_support/tagged_logging.rb:69:in `tagged'
railties (5.1.4) lib/rails/rack/logger.rb:24:in `call'
sprockets-rails (3.2.1) lib/sprockets/rails/quiet_assets.rb:13:in `call'
actionpack (5.1.4) lib/action_dispatch/middleware/remote_ip.rb:79:in `call'
actionpack (5.1.4) lib/action_dispatch/middleware/request_id.rb:25:in `call'
rack (2.0.3) lib/rack/method_override.rb:22:in `call'
rack (2.0.3) lib/rack/runtime.rb:22:in `call'
activesupport (5.1.4) lib/active_support/cache/strategy/local_cache_middleware.rb:27:in `call'
actionpack (5.1.4) lib/action_dispatch/middleware/executor.rb:12:in `call'
actionpack (5.1.4) lib/action_dispatch/middleware/static.rb:125:in `call'
rack (2.0.3) lib/rack/sendfile.rb:111:in `call'
railties (5.1.4) lib/rails/engine.rb:522:in `call'
puma (3.11.0) lib/puma/configuration.rb:225:in `call'
puma (3.11.0) lib/puma/server.rb:624:in `handle_request'
puma (3.11.0) lib/puma/server.rb:438:in `process_client'
puma (3.11.0) lib/puma/server.rb:302:in `block in run'
puma (3.11.0) lib/puma/thread_pool.rb:120:in `block in spawn_thread'
  [1m[35m (2.4ms)[0m  [1m[34mSELECT "schema_migrations"."version" FROM "schema_migrations" ORDER BY "schema_migrations"."version" ASC[0m
  [1m[35m (2.6ms)[0m  [1m[34mSELECT "ar_internal_metadata"."value" FROM "ar_internal_metadata" WHERE "ar_internal_metadata"."key" = ?[0m  [["key", "environment"]]
  [1m[35m (0.2ms)[0m  [1m[34mSELECT "schema_migrations"."version" FROM "schema_migrations" ORDER BY "schema_migrations"."version" ASC[0m
  [1m[35m (0.2ms)[0m  [1m[34mSELECT "ar_internal_metadata"."value" FROM "ar_internal_metadata" WHERE "ar_internal_metadata"."key" = ?[0m  [["key", "environment"]]
  [1m[35m (0.1ms)[0m  [1m[34mSELECT "schema_migrations"."version" FROM "schema_migrations" ORDER BY "schema_migrations"."version" ASC[0m
  [1m[35m (0.2ms)[0m  [1m[34mSELECT "ar_internal_metadata"."value" FROM "ar_internal_metadata" WHERE "ar_internal_metadata"."key" = ?[0m  [["key", "environment"]]
  [1m[35m (0.1ms)[0m  [1m[34mSELECT sqlite_version(*)[0m
  [1m[35m (3.5ms)[0m  [1m[35mCREATE TABLE "schema_migrations" ("version" varchar NOT NULL PRIMARY KEY)[0m
  [1m[35m (2.2ms)[0m  [1m[35mCREATE TABLE "ar_internal_metadata" ("key" varchar NOT NULL PRIMARY KEY, "value" varchar, "created_at" datetime NOT NULL, "updated_at" datetime NOT NULL)[0m
  [1m[35m (0.2ms)[0m  [1m[34mSELECT "schema_migrations"."version" FROM "schema_migrations" ORDER BY "schema_migrations"."version" ASC[0m
Migrating to DeviseCreateUsers (20180209090328)
  [1m[35m (0.1ms)[0m  [1m[36mbegin transaction[0m
  [1m[35m (0.6ms)[0m  [1m[35mCREATE TABLE "users" ("id" INTEGER PRIMARY KEY AUTOINCREMENT NOT NULL, "email" varchar DEFAULT '' NOT NULL, "encrypted_password" varchar DEFAULT '' NOT NULL, "reset_password_token" varchar, "reset_password_sent_at" datetime, "remember_created_at" datetime, "sign_in_count" integer DEFAULT 0 NOT NULL, "current_sign_in_at" datetime, "last_sign_in_at" datetime, "current_sign_in_ip" varchar, "last_sign_in_ip" varchar, "created_at" datetime NOT NULL, "updated_at" datetime NOT NULL)[0m
  [1m[35m (0.2ms)[0m  [1m[35mCREATE UNIQUE INDEX "index_users_on_email" ON "users" ("email")[0m
  [1m[35m (0.1ms)[0m  [1m[34m            SELECT sql
            FROM sqlite_master
            WHERE name='index_users_on_email' AND type='index'
            UNION ALL
            SELECT sql
            FROM sqlite_temp_master
            WHERE name='index_users_on_email' AND type='index'
[0m
  [1m[35m (0.2ms)[0m  [1m[35mCREATE UNIQUE INDEX "index_users_on_reset_password_token" ON "users" ("reset_password_token")[0m
  [1m[35mSQL (0.2ms)[0m  [1m[32mINSERT INTO "schema_migrations" ("version") VALUES (?)[0m  [["version", "20180209090328"]]
  [1m[35m (3.1ms)[0m  [1m[36mcommit transaction[0m
Migrating to AddOmniauthToUsers (20180218074710)
  [1m[35m (0.1ms)[0m  [1m[36mbegin transaction[0m
  [1m[35m (3.3ms)[0m  [1m[35mALTER TABLE "users" ADD "provider" varchar[0m
  [1m[35m (0.3ms)[0m  [1m[35mALTER TABLE "users" ADD "uid" varchar[0m
  [1m[35m (0.2ms)[0m  [1m[35mALTER TABLE "users" ADD "image" varchar[0m
  [1m[35m (0.4ms)[0m  [1m[35mALTER TABLE "users" ADD "name" varchar[0m
  [1m[35mSQL (0.2ms)[0m  [1m[32mINSERT INTO "schema_migrations" ("version") VALUES (?)[0m  [["version", "20180218074710"]]
  [1m[35m (2.8ms)[0m  [1m[36mcommit transaction[0m
Migrating to AddExtraFieldsToUser (20180220021234)
  [1m[35m (0.1ms)[0m  [1m[36mbegin transaction[0m
  [1m[35m (0.5ms)[0m  [1m[35mALTER TABLE "users" ADD "phone_number" varchar[0m
  [1m[35m (0.3ms)[0m  [1m[35mALTER TABLE "users" ADD "description" varchar[0m
  [1m[35mSQL (0.2ms)[0m  [1m[32mINSERT INTO "schema_migrations" ("version") VALUES (?)[0m  [["version", "20180220021234"]]
  [1m[35m (2.6ms)[0m  [1m[36mcommit transaction[0m
Migrating to CreateImpressions (20180220093836)
  [1m[35m (0.1ms)[0m  [1m[36mbegin transaction[0m
  [1m[35m (0.5ms)[0m  [1m[35mCREATE TABLE "impressions" ("id" INTEGER PRIMARY KEY AUTOINCREMENT NOT NULL, "title" varchar, "season" integer, "episode" integer, "evaluation" integer, "netabare" boolean, "content" text, "user_id" integer, "created_at" datetime NOT NULL, "updated_at" datetime NOT NULL, CONSTRAINT "fk_rails_f3d458d513"
FOREIGN KEY ("user_id")
  REFERENCES "users" ("id")
)[0m
  [1m[35m (0.1ms)[0m  [1m[35mCREATE  INDEX "index_impressions_on_user_id" ON "impressions" ("user_id")[0m
  [1m[35mSQL (0.3ms)[0m  [1m[32mINSERT INTO "schema_migrations" ("version") VALUES (?)[0m  [["version", "20180220093836"]]
  [1m[35m (3.3ms)[0m  [1m[36mcommit transaction[0m
  [1m[36mActiveRecord::InternalMetadata Load (0.3ms)[0m  [1m[34mSELECT  "ar_internal_metadata".* FROM "ar_internal_metadata" WHERE "ar_internal_metadata"."key" = ? LIMIT ?[0m  [["key", "environment"], ["LIMIT", 1]]
  [1m[35m (0.1ms)[0m  [1m[36mbegin transaction[0m
  [1m[35mSQL (0.4ms)[0m  [1m[32mINSERT INTO "ar_internal_metadata" ("key", "value", "created_at", "updated_at") VALUES (?, ?, ?, ?)[0m  [["key", "environment"], ["value", "development"], ["created_at", "2018-04-30 03:50:05.266961"], ["updated_at", "2018-04-30 03:50:05.266961"]]
  [1m[35m (2.7ms)[0m  [1m[36mcommit transaction[0m
  [1m[35m (0.2ms)[0m  [1m[34mSELECT "schema_migrations"."version" FROM "schema_migrations" ORDER BY "schema_migrations"."version" ASC[0m
  [1m[35m (0.2ms)[0m  [1m[34m            SELECT sql
            FROM sqlite_master
            WHERE name='index_impressions_on_user_id' AND type='index'
            UNION ALL
            SELECT sql
            FROM sqlite_temp_master
            WHERE name='index_impressions_on_user_id' AND type='index'
[0m
  [1m[35m (0.1ms)[0m  [1m[34m            SELECT sql
            FROM sqlite_master
            WHERE name='index_users_on_reset_password_token' AND type='index'
            UNION ALL
            SELECT sql
            FROM sqlite_temp_master
            WHERE name='index_users_on_reset_password_token' AND type='index'
[0m
  [1m[35m (0.1ms)[0m  [1m[34m            SELECT sql
            FROM sqlite_master
            WHERE name='index_users_on_email' AND type='index'
            UNION ALL
            SELECT sql
            FROM sqlite_temp_master
            WHERE name='index_users_on_email' AND type='index'
[0m
Started GET "/" for 127.0.0.1 at 2018-04-30 12:50:30 +0900
  [1m[35m (2.4ms)[0m  [1m[34mSELECT "schema_migrations"."version" FROM "schema_migrations" ORDER BY "schema_migrations"."version" ASC[0m
Processing by PagesController#index as HTML
  Rendering pages/index.html.erb within layouts/application
  Rendered partial/_navbar.html.erb (339.7ms)
  Rendered pages/index.html.erb within layouts/application (350.3ms)
Completed 401 Unauthorized in 401ms (ActiveRecord: 0.0ms)


  
ActionView::Template::Error (couldn't find file 'jquery' with type 'application/javascript'
Checked in these paths: 
  /Users/hodzumitakanori/Desktop/git/2/develop/Ruby/ShareImpression/app/assets/config
  /Users/hodzumitakanori/Desktop/git/2/develop/Ruby/ShareImpression/app/assets/images
  /Users/hodzumitakanori/Desktop/git/2/develop/Ruby/ShareImpression/app/assets/javascripts
  /Users/hodzumitakanori/Desktop/git/2/develop/Ruby/ShareImpression/app/assets/stylesheets
  /Users/hodzumitakanori/.rbenv/versions/2.4.0/lib/ruby/gems/2.4.0/gems/coffee-rails-4.2.2/lib/assets/javascripts
  /Users/hodzumitakanori/.rbenv/versions/2.4.0/lib/ruby/gems/2.4.0/gems/toastr-rails-1.0.3/vendor/assets/javascripts
  /Users/hodzumitakanori/.rbenv/versions/2.4.0/lib/ruby/gems/2.4.0/gems/toastr-rails-1.0.3/vendor/assets/stylesheets
  /Users/hodzumitakanori/.rbenv/versions/2.4.0/lib/ruby/gems/2.4.0/gems/actioncable-5.1.4/lib/assets/compiled
  /Users/hodzumitakanori/.rbenv/versions/2.4.0/lib/ruby/gems/2.4.0/gems/actionview-5.1.4/lib/assets/compiled
  /Users/hodzumitakanori/.rbenv/versions/2.4.0/lib/ruby/gems/2.4.0/gems/turbolinks-source-5.0.3/lib/assets/javascripts
  /Users/hodzumitakanori/Desktop/git/2/develop/Ruby/ShareImpression/node_modules
  /Users/hodzumitakanori/.rbenv/versions/2.4.0/lib/ruby/gems/2.4.0/gems/bootstrap-sass-3.3.7/assets/stylesheets
  /Users/hodzumitakanori/.rbenv/versions/2.4.0/lib/ruby/gems/2.4.0/gems/bootstrap-sass-3.3.7/assets/javascripts
  /Users/hodzumitakanori/.rbenv/versions/2.4.0/lib/ruby/gems/2.4.0/gems/bootstrap-sass-3.3.7/assets/fonts
  /Users/hodzumitakanori/.rbenv/versions/2.4.0/lib/ruby/gems/2.4.0/gems/bootstrap-sass-3.3.7/assets/images):
     9:           <span class="icon-bar"></span>
    10:         </button>
    11:         <%= link_to root_path do %>
    12:                 <%= image_tag "mitano_icon.png" %>
    13: 
    14:         <% end %>
    15:       </div>
  
app/assets/javascripts/application.js:16
app/views/partial/_navbar.html.erb:12:in `block in _app_views_partial__navbar_html_erb___3639501151307099182_70151289145380'
app/views/partial/_navbar.html.erb:11:in `_app_views_partial__navbar_html_erb___3639501151307099182_70151289145380'
app/views/pages/index.html.erb:9:in `_app_views_pages_index_html_erb___419506171600568984_70151287725920'
Started GET "/" for 127.0.0.1 at 2018-04-30 12:52:04 +0900
  [1m[35m (2.4ms)[0m  [1m[34mSELECT "schema_migrations"."version" FROM "schema_migrations" ORDER BY "schema_migrations"."version" ASC[0m
Processing by PagesController#index as HTML
  Rendering pages/index.html.erb within layouts/application
  Rendered partial/_navbar.html.erb (5158.3ms)
  Rendered pages/index.html.erb within layouts/application (5168.7ms)
Completed 200 OK in 5385ms (Views: 5349.8ms | ActiveRecord: 0.0ms)


Started GET "/users/sign_in" for 127.0.0.1 at 2018-04-30 12:52:14 +0900
Processing by Devise::SessionsController#new as HTML
  Rendering devise/sessions/new.html.erb within layouts/application
  Rendered partial/_navbar.html.erb (3.5ms)
  Rendered devise/shared/_links.html.erb (2.7ms)
  Rendered devise/sessions/new.html.erb within layouts/application (109.3ms)
Completed 200 OK in 263ms (Views: 200.6ms | ActiveRecord: 2.6ms)


Started GET "/users/auth/facebook" for 127.0.0.1 at 2018-04-30 12:52:16 +0900
Started GET "/users/auth/facebook" for 127.0.0.1 at 2018-04-30 12:52:17 +0900
Started GET "/users/auth/facebook/callback?code=AQDaMJvfItR-3_2Rh_11KsM5NYjcOS4-C5VB-eudbTWeg9fLKMtdxFTXFkm5rKQgaQRmwzdZdxVL2aN8nce07dhj59Zpa_RF8rYKTzemCt9yftfsOkkxAMlXRa4WzbjuDHZLCACbU7n4YZW2JHB5kGdZaUl8iFOG4JHHHHbRmIJPQZCan2wXBUjxX2ccLAtmXVDMcbEvBjTPQ5-KdvBa1ip1jnL1PxwZXsV5Y_3OnmF7zJ3l-TXZiX1xTfoUaD4_WIvYRyZ0sDQkNnIOe8QdNNpAbnmRmpL7qx-794eWGN2Cv9-FkxnmbanR31NDyeWuVuIMeq040nS51FyEFqy_ElZE&state=baf057be88f509a420cef5387c6c924aeabe59334eb365b8" for 127.0.0.1 at 2018-04-30 12:52:17 +0900
Processing by Users::OmniauthCallbacksController#facebook as HTML
  Parameters: {"code"=>"AQDaMJvfItR-3_2Rh_11KsM5NYjcOS4-C5VB-eudbTWeg9fLKMtdxFTXFkm5rKQgaQRmwzdZdxVL2aN8nce07dhj59Zpa_RF8rYKTzemCt9yftfsOkkxAMlXRa4WzbjuDHZLCACbU7n4YZW2JHB5kGdZaUl8iFOG4JHHHHbRmIJPQZCan2wXBUjxX2ccLAtmXVDMcbEvBjTPQ5-KdvBa1ip1jnL1PxwZXsV5Y_3OnmF7zJ3l-TXZiX1xTfoUaD4_WIvYRyZ0sDQkNnIOe8QdNNpAbnmRmpL7qx-794eWGN2Cv9-FkxnmbanR31NDyeWuVuIMeq040nS51FyEFqy_ElZE", "state"=>"baf057be88f509a420cef5387c6c924aeabe59334eb365b8"}
  [1m[36mUser Load (2.3ms)[0m  [1m[34mSELECT  "users".* FROM "users" WHERE "users"."provider" = ? AND "users"."uid" = ? ORDER BY "users"."id" ASC LIMIT ?[0m  [["provider", "facebook"], ["uid", "1542742439154985"], ["LIMIT", 1]]
  [1m[35m (0.1ms)[0m  [1m[36mbegin transaction[0m
  [1m[36mUser Exists (2.5ms)[0m  [1m[34mSELECT  1 AS one FROM "users" WHERE "users"."email" = ? LIMIT ?[0m  [["email", "t.h032766@gmail.com"], ["LIMIT", 1]]
  [1m[35mSQL (2.7ms)[0m  [1m[32mINSERT INTO "users" ("email", "encrypted_password", "created_at", "updated_at", "provider", "uid", "image", "name") VALUES (?, ?, ?, ?, ?, ?, ?, ?)[0m  [["email", "t.h032766@gmail.com"], ["encrypted_password", "$2a$11$Bnri7.2vUDPJ5T9i.ay5zOVjsha/aZs0YWeWfDm4h6XQpnO7cQftK"], ["created_at", "2018-04-30 03:52:19.396335"], ["updated_at", "2018-04-30 03:52:19.396335"], ["provider", "facebook"], ["uid", "1542742439154985"], ["image", "http://graph.facebook.com/1542742439154985/picture?type=large"], ["name", "Takanori Hozumi"]]
  [1m[35m (3.5ms)[0m  [1m[36mcommit transaction[0m
  [1m[35m (0.1ms)[0m  [1m[36mbegin transaction[0m
  [1m[35mSQL (0.5ms)[0m  [1m[33mUPDATE "users" SET "sign_in_count" = ?, "current_sign_in_at" = ?, "last_sign_in_at" = ?, "current_sign_in_ip" = ?, "last_sign_in_ip" = ?, "updated_at" = ? WHERE "users"."id" = ?[0m  [["sign_in_count", 1], ["current_sign_in_at", "2018-04-30 03:52:19.405327"], ["last_sign_in_at", "2018-04-30 03:52:19.405327"], ["current_sign_in_ip", "127.0.0.1"], ["last_sign_in_ip", "127.0.0.1"], ["updated_at", "2018-04-30 03:52:19.406375"], ["id", 1]]
  [1m[35m (2.7ms)[0m  [1m[36mcommit transaction[0m
Redirected to http://0.0.0.0:3000/
Completed 302 Found in 219ms (ActiveRecord: 14.4ms)


Started GET "/" for 127.0.0.1 at 2018-04-30 12:52:19 +0900
Processing by PagesController#index as HTML
  Rendering pages/index.html.erb within layouts/application
  [1m[36mUser Load (0.2ms)[0m  [1m[34mSELECT  "users".* FROM "users" WHERE "users"."id" = ? ORDER BY "users"."id" ASC LIMIT ?[0m  [["id", 1], ["LIMIT", 1]]
  Rendered partial/_navbar.html.erb (7.2ms)
  Rendered pages/index.html.erb within layouts/application (10.1ms)
Completed 200 OK in 81ms (Views: 76.9ms | ActiveRecord: 0.2ms)


Started GET "/impressions/new" for 127.0.0.1 at 2018-04-30 12:52:27 +0900
Processing by ImpressionsController#new as HTML
  [1m[36mUser Load (2.3ms)[0m  [1m[34mSELECT  "users".* FROM "users" WHERE "users"."id" = ? ORDER BY "users"."id" ASC LIMIT ?[0m  [["id", 1], ["LIMIT", 1]]
  Rendering impressions/new.html.erb within layouts/application
  Rendered partial/_navbar.html.erb (3.4ms)
  Rendered impressions/new.html.erb within layouts/application (12.4ms)
Completed 200 OK in 178ms (Views: 86.0ms | ActiveRecord: 3.4ms)


Started GET "/" for 127.0.0.1 at 2018-04-30 12:54:12 +0900
  [1m[35m (0.3ms)[0m  [1m[34mSELECT "schema_migrations"."version" FROM "schema_migrations" ORDER BY "schema_migrations"."version" ASC[0m
Processing by PagesController#index as HTML
  Rendering pages/index.html.erb within layouts/application
  [1m[36mUser Load (0.3ms)[0m  [1m[34mSELECT  "users".* FROM "users" WHERE "users"."id" = ? ORDER BY "users"."id" ASC LIMIT ?[0m  [["id", 1], ["LIMIT", 1]]
  Rendered partial/_navbar.html.erb (750.9ms)
  Rendered pages/index.html.erb within layouts/application (761.8ms)
Completed 200 OK in 1151ms (Views: 1122.6ms | ActiveRecord: 1.9ms)


Started GET "/" for 127.0.0.1 at 2018-04-30 12:56:03 +0900
  [1m[35m (2.4ms)[0m  [1m[34mSELECT "schema_migrations"."version" FROM "schema_migrations" ORDER BY "schema_migrations"."version" ASC[0m
Processing by PagesController#index as HTML
  Rendering pages/index.html.erb within layouts/application
  [1m[36mUser Load (2.7ms)[0m  [1m[34mSELECT  "users".* FROM "users" WHERE "users"."id" = ? ORDER BY "users"."id" ASC LIMIT ?[0m  [["id", 1], ["LIMIT", 1]]
  Rendered partial/_navbar.html.erb (774.5ms)
  Rendered pages/index.html.erb within layouts/application (783.1ms)
Completed 200 OK in 1157ms (Views: 1127.5ms | ActiveRecord: 3.7ms)


Started GET "/impressions/new" for 127.0.0.1 at 2018-04-30 12:56:06 +0900
Processing by ImpressionsController#new as HTML
  [1m[36mUser Load (0.5ms)[0m  [1m[34mSELECT  "users".* FROM "users" WHERE "users"."id" = ? ORDER BY "users"."id" ASC LIMIT ?[0m  [["id", 1], ["LIMIT", 1]]
  Rendering impressions/new.html.erb within layouts/application
  Rendered partial/_navbar.html.erb (2.9ms)
  Rendered impressions/new.html.erb within layouts/application (21.0ms)
Completed 200 OK in 229ms (Views: 138.0ms | ActiveRecord: 1.4ms)


Started GET "/impressions/new" for 127.0.0.1 at 2018-04-30 12:58:02 +0900
  [1m[35m (2.5ms)[0m  [1m[34mSELECT "schema_migrations"."version" FROM "schema_migrations" ORDER BY "schema_migrations"."version" ASC[0m
Processing by ImpressionsController#new as HTML
  [1m[36mUser Load (2.3ms)[0m  [1m[34mSELECT  "users".* FROM "users" WHERE "users"."id" = ? ORDER BY "users"."id" ASC LIMIT ?[0m  [["id", 1], ["LIMIT", 1]]
  Rendering impressions/new.html.erb within layouts/application
  Rendered partial/_navbar.html.erb (724.9ms)
  Rendered impressions/new.html.erb within layouts/application (747.5ms)
Completed 200 OK in 1217ms (Views: 1090.1ms | ActiveRecord: 3.6ms)


Started GET "/" for 127.0.0.1 at 2018-04-30 12:58:06 +0900
Processing by PagesController#index as HTML
  Rendering pages/index.html.erb within layouts/application
  [1m[36mUser Load (0.5ms)[0m  [1m[34mSELECT  "users".* FROM "users" WHERE "users"."id" = ? ORDER BY "users"."id" ASC LIMIT ?[0m  [["id", 1], ["LIMIT", 1]]
  Rendered partial/_navbar.html.erb (8.1ms)
  Rendered pages/index.html.erb within layouts/application (13.9ms)
Completed 200 OK in 128ms (Views: 119.1ms | ActiveRecord: 0.5ms)


  [1m[35m (2.4ms)[0m  [1m[34mSELECT "schema_migrations"."version" FROM "schema_migrations" ORDER BY "schema_migrations"."version" ASC[0m
Migrating to CreateDramas (20180430064211)
  [1m[35m (0.1ms)[0m  [1m[36mbegin transaction[0m
  [1m[35m (0.3ms)[0m  [1m[34mSELECT sqlite_version(*)[0m
  [1m[35m (1.0ms)[0m  [1m[35mCREATE TABLE "dramas" ("id" INTEGER PRIMARY KEY AUTOINCREMENT NOT NULL, "title" varchar, "over_view" text, "created_at" datetime NOT NULL, "updated_at" datetime NOT NULL)[0m
  [1m[35mSQL (2.6ms)[0m  [1m[32mINSERT INTO "schema_migrations" ("version") VALUES (?)[0m  [["version", "20180430064211"]]
  [1m[35m (7.8ms)[0m  [1m[36mcommit transaction[0m
  [1m[36mActiveRecord::InternalMetadata Load (2.6ms)[0m  [1m[34mSELECT  "ar_internal_metadata".* FROM "ar_internal_metadata" WHERE "ar_internal_metadata"."key" = ? LIMIT ?[0m  [["key", "environment"], ["LIMIT", 1]]
  [1m[35m (0.1ms)[0m  [1m[36mbegin transaction[0m
  [1m[35m (0.1ms)[0m  [1m[36mcommit transaction[0m
  [1m[35m (0.3ms)[0m  [1m[34mSELECT "schema_migrations"."version" FROM "schema_migrations" ORDER BY "schema_migrations"."version" ASC[0m
  [1m[35m (0.2ms)[0m  [1m[34m            SELECT sql
            FROM sqlite_master
            WHERE name='index_impressions_on_user_id' AND type='index'
            UNION ALL
            SELECT sql
            FROM sqlite_temp_master
            WHERE name='index_impressions_on_user_id' AND type='index'
[0m
  [1m[35m (0.2ms)[0m  [1m[34m            SELECT sql
            FROM sqlite_master
            WHERE name='index_users_on_reset_password_token' AND type='index'
            UNION ALL
            SELECT sql
            FROM sqlite_temp_master
            WHERE name='index_users_on_reset_password_token' AND type='index'
[0m
  [1m[35m (0.1ms)[0m  [1m[34m            SELECT sql
            FROM sqlite_master
            WHERE name='index_users_on_email' AND type='index'
            UNION ALL
            SELECT sql
            FROM sqlite_temp_master
            WHERE name='index_users_on_email' AND type='index'
[0m
Started GET "/" for 127.0.0.1 at 2018-04-30 15:46:18 +0900
  [1m[35m (0.3ms)[0m  [1m[34mSELECT "schema_migrations"."version" FROM "schema_migrations" ORDER BY "schema_migrations"."version" ASC[0m
Processing by PagesController#index as HTML
  Rendering pages/index.html.erb within layouts/application
  Rendered partial/_navbar.html.erb (997.2ms)
  Rendered pages/index.html.erb within layouts/application (1006.3ms)
Completed 200 OK in 1245ms (Views: 1214.6ms | ActiveRecord: 0.0ms)


Started GET "/impressions" for 127.0.0.1 at 2018-04-30 15:46:26 +0900
Processing by ImpressionsController#index as HTML
Completed 401 Unauthorized in 1ms (ActiveRecord: 0.0ms)


Started GET "/users/sign_in" for 127.0.0.1 at 2018-04-30 15:46:26 +0900
Processing by Devise::SessionsController#new as HTML
  Rendering devise/sessions/new.html.erb within layouts/application
  Rendered partial/_navbar.html.erb (2.3ms)
  Rendered devise/shared/_links.html.erb (2.5ms)
  Rendered devise/sessions/new.html.erb within layouts/application (61.1ms)
Completed 200 OK in 195ms (Views: 166.8ms | ActiveRecord: 1.6ms)


Started GET "/users/auth/facebook" for 127.0.0.1 at 2018-04-30 15:46:36 +0900
Started GET "/users/auth/facebook" for 127.0.0.1 at 2018-04-30 15:46:36 +0900
Started GET "/users/auth/facebook/callback?error_code=1349168&error_message=URL%E3%81%AF%E3%83%96%E3%83%AD%E3%83%83%E3%82%AF%E3%81%95%E3%82%8C%E3%81%A6%E3%81%84%E3%81%BE%E3%81%99%3A+%E3%83%AA%E3%83%80%E3%82%A4%E3%83%AC%E3%82%AF%E3%83%88URI%E3%81%8C%E3%82%A2%E3%83%97%E3%83%AA%E3%81%AE%E3%82%AF%E3%83%A9%E3%82%A4%E3%82%A2%E3%83%B3%E3%83%88OAuth%E8%A8%AD%E5%AE%9A%E3%81%A7%E3%83%9B%E3%83%AF%E3%82%A4%E3%83%88%E3%83%AA%E3%82%B9%E3%83%88%E3%81%AB%E8%BF%BD%E5%8A%A0%E3%81%95%E3%82%8C%E3%81%A6%E3%81%84%E3%81%AA%E3%81%84%E3%81%9F%E3%82%81%E3%80%81%E3%83%AA%E3%83%80%E3%82%A4%E3%83%AC%E3%82%AF%E3%83%88%E3%81%A7%E3%81%8D%E3%81%BE%E3%81%9B%E3%82%93%E3%81%A7%E3%81%97%E3%81%9F%E3%80%82%E3%82%AF%E3%83%A9%E3%82%A4%E3%82%A2%E3%83%B3%E3%83%88%E3%81%A8%E3%82%A6%E3%82%A7%E3%83%96OAuth%E3%83%AD%E3%82%B0%E3%82%A4%E3%83%B3%E3%82%92%E3%82%AA%E3%83%B3%E3%81%AB%E3%81%97%E3%81%A6%E3%80%81%E3%81%99%E3%81%B9%E3%81%A6%E3%81%AE%E3%82%A2%E3%83%97%E3%83%AA%E3%83%89%E3%83%A1%E3%82%A4%E3%83%B3%E3%82%92%E6%9C%89%E5%8A%B9%E3%81%AAOAuth%E3%83%AA%E3%83%80%E3%82%A4%E3%83%AC%E3%82%AF%E3%83%88URI%E3%81%A8%E3%81%97%E3%81%A6%E8%BF%BD%E5%8A%A0%E3%81%97%E3%81%A6%E3%81%8F%E3%81%A0%E3%81%95%E3%81%84%E3%80%82&state=15f9f2407643aa7d2788b599eff9c454780e1c1218e86100" for 127.0.0.1 at 2018-04-30 15:46:40 +0900
Processing by Users::OmniauthCallbacksController#failure as HTML
  Parameters: {"error_code"=>"1349168", "error_message"=>"URLはブロックされています: リダイレクトURIがアプリのクライアントOAuth設定でホワイトリストに追加されていないため、リダイレクトできませんでした。クライアントとウェブOAuthログインをオンにして、すべてのアプリドメインを有効なOAuthリダイレクトURIとして追加してください。", "state"=>"15f9f2407643aa7d2788b599eff9c454780e1c1218e86100"}
Redirected to http://localhost:3000/
Completed 302 Found in 1ms (ActiveRecord: 0.0ms)


Started GET "/" for 127.0.0.1 at 2018-04-30 15:46:40 +0900
Processing by PagesController#index as HTML
  Rendering pages/index.html.erb within layouts/application
  Rendered partial/_navbar.html.erb (3.5ms)
  Rendered pages/index.html.erb within layouts/application (6.3ms)
Completed 200 OK in 97ms (Views: 93.7ms | ActiveRecord: 0.0ms)


Started GET "/users/sign_in" for 127.0.0.1 at 2018-04-30 15:46:42 +0900
Processing by Devise::SessionsController#new as HTML
  Rendering devise/sessions/new.html.erb within layouts/application
  Rendered partial/_navbar.html.erb (2.3ms)
  Rendered devise/shared/_links.html.erb (2.7ms)
  Rendered devise/sessions/new.html.erb within layouts/application (16.2ms)
Completed 200 OK in 118ms (Views: 116.1ms | ActiveRecord: 0.0ms)


Started GET "/users/auth/facebook" for 127.0.0.1 at 2018-04-30 15:46:44 +0900
Started GET "/users/auth/facebook" for 127.0.0.1 at 2018-04-30 15:46:44 +0900
Started GET "/users/auth/facebook/callback?error_code=1349168&error_message=URL%E3%81%AF%E3%83%96%E3%83%AD%E3%83%83%E3%82%AF%E3%81%95%E3%82%8C%E3%81%A6%E3%81%84%E3%81%BE%E3%81%99%3A+%E3%83%AA%E3%83%80%E3%82%A4%E3%83%AC%E3%82%AF%E3%83%88URI%E3%81%8C%E3%82%A2%E3%83%97%E3%83%AA%E3%81%AE%E3%82%AF%E3%83%A9%E3%82%A4%E3%82%A2%E3%83%B3%E3%83%88OAuth%E8%A8%AD%E5%AE%9A%E3%81%A7%E3%83%9B%E3%83%AF%E3%82%A4%E3%83%88%E3%83%AA%E3%82%B9%E3%83%88%E3%81%AB%E8%BF%BD%E5%8A%A0%E3%81%95%E3%82%8C%E3%81%A6%E3%81%84%E3%81%AA%E3%81%84%E3%81%9F%E3%82%81%E3%80%81%E3%83%AA%E3%83%80%E3%82%A4%E3%83%AC%E3%82%AF%E3%83%88%E3%81%A7%E3%81%8D%E3%81%BE%E3%81%9B%E3%82%93%E3%81%A7%E3%81%97%E3%81%9F%E3%80%82%E3%82%AF%E3%83%A9%E3%82%A4%E3%82%A2%E3%83%B3%E3%83%88%E3%81%A8%E3%82%A6%E3%82%A7%E3%83%96OAuth%E3%83%AD%E3%82%B0%E3%82%A4%E3%83%B3%E3%82%92%E3%82%AA%E3%83%B3%E3%81%AB%E3%81%97%E3%81%A6%E3%80%81%E3%81%99%E3%81%B9%E3%81%A6%E3%81%AE%E3%82%A2%E3%83%97%E3%83%AA%E3%83%89%E3%83%A1%E3%82%A4%E3%83%B3%E3%82%92%E6%9C%89%E5%8A%B9%E3%81%AAOAuth%E3%83%AA%E3%83%80%E3%82%A4%E3%83%AC%E3%82%AF%E3%83%88URI%E3%81%A8%E3%81%97%E3%81%A6%E8%BF%BD%E5%8A%A0%E3%81%97%E3%81%A6%E3%81%8F%E3%81%A0%E3%81%95%E3%81%84%E3%80%82&state=f020affe9bd7cd8d9dbef6d0cfaa03a67c3a6252894c7e0d" for 127.0.0.1 at 2018-04-30 15:46:50 +0900
Processing by Users::OmniauthCallbacksController#failure as HTML
  Parameters: {"error_code"=>"1349168", "error_message"=>"URLはブロックされています: リダイレクトURIがアプリのクライアントOAuth設定でホワイトリストに追加されていないため、リダイレクトできませんでした。クライアントとウェブOAuthログインをオンにして、すべてのアプリドメインを有効なOAuthリダイレクトURIとして追加してください。", "state"=>"f020affe9bd7cd8d9dbef6d0cfaa03a67c3a6252894c7e0d"}
Redirected to http://localhost:3000/
Completed 302 Found in 1ms (ActiveRecord: 0.0ms)


Started GET "/" for 127.0.0.1 at 2018-04-30 15:46:50 +0900
Processing by PagesController#index as HTML
  Rendering pages/index.html.erb within layouts/application
  Rendered partial/_navbar.html.erb (3.3ms)
  Rendered pages/index.html.erb within layouts/application (7.2ms)
Completed 200 OK in 102ms (Views: 98.8ms | ActiveRecord: 0.0ms)


Started GET "/users/sign_up" for 127.0.0.1 at 2018-04-30 15:46:53 +0900
Processing by RegistrationsController#new as HTML
  Rendering devise/registrations/new.html.erb within layouts/application
  Rendered partial/_navbar.html.erb (2.4ms)
  Rendered devise/registrations/new.html.erb within layouts/application (17.4ms)
Completed 401 Unauthorized in 65ms (ActiveRecord: 0.0ms)


  
ActionView::Template::Error (Missing partial partial/_deviceErrorMsg with {:locale=>[:en], :formats=>[:html], :variants=>[], :handlers=>[:raw, :erb, :html, :builder, :ruby, :coffee, :jbuilder]}. Searched in:
  * "/Users/hodzumitakanori/Desktop/git/test/mitano/app/views"
  * "/Users/hodzumitakanori/.rbenv/versions/2.4.0/lib/ruby/gems/2.4.0/gems/devise-4.4.1/app/views"
):
     6:      <h2>アカウント作成</h2>
     7: 
     8:     <%= form_for(resource, as: resource_name, url: registration_path(resource_name)) do |f| %>
     9:     <%= render 'partial/deviceErrorMsg' %>
    10:     <hr>
    11:     <%= link_to "Sign in with Facebook", user_facebook_omniauth_authorize_path, class:"btn btn-facebook" %>
    12:     <hr>
  
app/views/devise/registrations/new.html.erb:9:in `block in _app_views_devise_registrations_new_html_erb___1583107620260311522_70305467409620'
app/views/devise/registrations/new.html.erb:8:in `_app_views_devise_registrations_new_html_erb___1583107620260311522_70305467409620'
Started GET "/" for 127.0.0.1 at 2018-04-30 15:47:00 +0900
Processing by PagesController#index as HTML
  Rendering pages/index.html.erb within layouts/application
  Rendered partial/_navbar.html.erb (3.1ms)
  Rendered pages/index.html.erb within layouts/application (9.6ms)
Completed 200 OK in 107ms (Views: 100.2ms | ActiveRecord: 0.0ms)


Started GET "/" for 127.0.0.1 at 2018-04-30 15:47:00 +0900
Processing by PagesController#index as HTML
  Rendering pages/index.html.erb within layouts/application
  Rendered partial/_navbar.html.erb (6.1ms)
  Rendered pages/index.html.erb within layouts/application (9.7ms)
Completed 200 OK in 97ms (Views: 92.5ms | ActiveRecord: 0.0ms)


Started GET "/users/sign_up" for 127.0.0.1 at 2018-04-30 15:47:06 +0900
Processing by RegistrationsController#new as HTML
  Rendering devise/registrations/new.html.erb within layouts/application
  Rendered partial/_navbar.html.erb (4.8ms)
  Rendered devise/registrations/new.html.erb within layouts/application (24.5ms)
Completed 401 Unauthorized in 69ms (ActiveRecord: 0.0ms)


  
ActionView::Template::Error (Missing partial partial/_deviceErrorMsg with {:locale=>[:en], :formats=>[:html], :variants=>[], :handlers=>[:raw, :erb, :html, :builder, :ruby, :coffee, :jbuilder]}. Searched in:
  * "/Users/hodzumitakanori/Desktop/git/test/mitano/app/views"
  * "/Users/hodzumitakanori/.rbenv/versions/2.4.0/lib/ruby/gems/2.4.0/gems/devise-4.4.1/app/views"
):
     6:      <h2>アカウント作成</h2>
     7: 
     8:     <%= form_for(resource, as: resource_name, url: registration_path(resource_name)) do |f| %>
     9:     <%= render 'partial/deviceErrorMsg' %>
    10:     <hr>
    11:     <%= link_to "Sign in with Facebook", user_facebook_omniauth_authorize_path, class:"btn btn-facebook" %>
    12:     <hr>
  
app/views/devise/registrations/new.html.erb:9:in `block in _app_views_devise_registrations_new_html_erb___1583107620260311522_70305510336360'
app/views/devise/registrations/new.html.erb:8:in `_app_views_devise_registrations_new_html_erb___1583107620260311522_70305510336360'
Started GET "/users/sign_up" for 127.0.0.1 at 2018-04-30 15:48:26 +0900
Processing by RegistrationsController#new as HTML
  Rendering devise/registrations/new.html.erb within layouts/application
  Rendered partial/_navbar.html.erb (4.5ms)
  Rendered partial/_deviseErrorMsg.html.erb (0.7ms)
  Rendered devise/shared/_links.html.erb (1.4ms)
  Rendered devise/registrations/new.html.erb within layouts/application (26.5ms)
Completed 200 OK in 224ms (Views: 223.0ms | ActiveRecord: 0.0ms)


Started GET "/users/sign_up" for 127.0.0.1 at 2018-04-30 15:48:30 +0900
Processing by RegistrationsController#new as HTML
  Rendering devise/registrations/new.html.erb within layouts/application
  Rendered partial/_navbar.html.erb (10.5ms)
  Rendered partial/_deviseErrorMsg.html.erb (0.5ms)
  Rendered devise/shared/_links.html.erb (1.3ms)
  Rendered devise/registrations/new.html.erb within layouts/application (23.4ms)
Completed 200 OK in 116ms (Views: 113.7ms | ActiveRecord: 0.0ms)


Started GET "/users/auth/facebook" for 127.0.0.1 at 2018-04-30 15:48:33 +0900
Started GET "/users/auth/facebook" for 127.0.0.1 at 2018-04-30 15:48:34 +0900
Started GET "/users/auth/facebook/callback?error_code=1349168&error_message=URL%E3%81%AF%E3%83%96%E3%83%AD%E3%83%83%E3%82%AF%E3%81%95%E3%82%8C%E3%81%A6%E3%81%84%E3%81%BE%E3%81%99%3A+%E3%83%AA%E3%83%80%E3%82%A4%E3%83%AC%E3%82%AF%E3%83%88URI%E3%81%8C%E3%82%A2%E3%83%97%E3%83%AA%E3%81%AE%E3%82%AF%E3%83%A9%E3%82%A4%E3%82%A2%E3%83%B3%E3%83%88OAuth%E8%A8%AD%E5%AE%9A%E3%81%A7%E3%83%9B%E3%83%AF%E3%82%A4%E3%83%88%E3%83%AA%E3%82%B9%E3%83%88%E3%81%AB%E8%BF%BD%E5%8A%A0%E3%81%95%E3%82%8C%E3%81%A6%E3%81%84%E3%81%AA%E3%81%84%E3%81%9F%E3%82%81%E3%80%81%E3%83%AA%E3%83%80%E3%82%A4%E3%83%AC%E3%82%AF%E3%83%88%E3%81%A7%E3%81%8D%E3%81%BE%E3%81%9B%E3%82%93%E3%81%A7%E3%81%97%E3%81%9F%E3%80%82%E3%82%AF%E3%83%A9%E3%82%A4%E3%82%A2%E3%83%B3%E3%83%88%E3%81%A8%E3%82%A6%E3%82%A7%E3%83%96OAuth%E3%83%AD%E3%82%B0%E3%82%A4%E3%83%B3%E3%82%92%E3%82%AA%E3%83%B3%E3%81%AB%E3%81%97%E3%81%A6%E3%80%81%E3%81%99%E3%81%B9%E3%81%A6%E3%81%AE%E3%82%A2%E3%83%97%E3%83%AA%E3%83%89%E3%83%A1%E3%82%A4%E3%83%B3%E3%82%92%E6%9C%89%E5%8A%B9%E3%81%AAOAuth%E3%83%AA%E3%83%80%E3%82%A4%E3%83%AC%E3%82%AF%E3%83%88URI%E3%81%A8%E3%81%97%E3%81%A6%E8%BF%BD%E5%8A%A0%E3%81%97%E3%81%A6%E3%81%8F%E3%81%A0%E3%81%95%E3%81%84%E3%80%82&state=98c480120ce6663c20af6836027a3283a94a58bd495185e4" for 127.0.0.1 at 2018-04-30 15:48:47 +0900
Processing by Users::OmniauthCallbacksController#failure as HTML
  Parameters: {"error_code"=>"1349168", "error_message"=>"URLはブロックされています: リダイレクトURIがアプリのクライアントOAuth設定でホワイトリストに追加されていないため、リダイレクトできませんでした。クライアントとウェブOAuthログインをオンにして、すべてのアプリドメインを有効なOAuthリダイレクトURIとして追加してください。", "state"=>"98c480120ce6663c20af6836027a3283a94a58bd495185e4"}
Redirected to http://localhost:3000/
Completed 302 Found in 1ms (ActiveRecord: 0.0ms)


Started GET "/" for 127.0.0.1 at 2018-04-30 15:48:47 +0900
Processing by PagesController#index as HTML
  Rendering pages/index.html.erb within layouts/application
  Rendered partial/_navbar.html.erb (2.6ms)
  Rendered pages/index.html.erb within layouts/application (6.8ms)
Completed 200 OK in 92ms (Views: 85.2ms | ActiveRecord: 0.0ms)


Started GET "/users/sign_up" for 127.0.0.1 at 2018-04-30 15:48:49 +0900
Processing by RegistrationsController#new as HTML
  Rendering devise/registrations/new.html.erb within layouts/application
  Rendered partial/_navbar.html.erb (4.1ms)
  Rendered partial/_deviseErrorMsg.html.erb (0.7ms)
  Rendered devise/shared/_links.html.erb (1.2ms)
  Rendered devise/registrations/new.html.erb within layouts/application (20.6ms)
Completed 200 OK in 125ms (Views: 123.2ms | ActiveRecord: 0.0ms)


Started POST "/users" for 127.0.0.1 at 2018-04-30 15:49:04 +0900
Processing by RegistrationsController#create as HTML
  Parameters: {"utf8"=>"✓", "authenticity_token"=>"6tCnvKLpKmxkJjJGu3sYrcwsDLjP8BjyaVFzhclPOxeQ7+mZ8K1PPyv3wOxXM8+l8odpVz68jIPQnSGIIJAo+w==", "user"=>{"email"=>"a@gmail.com", "password"=>"[FILTERED]", "password_confirmation"=>"[FILTERED]"}, "commit"=>"Sign up"}
  [1m[35m (0.1ms)[0m  [1m[36mbegin transaction[0m
  [1m[36mUser Exists (0.2ms)[0m  [1m[34mSELECT  1 AS one FROM "users" WHERE "users"."email" = ? LIMIT ?[0m  [["email", "a@gmail.com"], ["LIMIT", 1]]
  [1m[35mSQL (0.6ms)[0m  [1m[32mINSERT INTO "users" ("email", "encrypted_password", "created_at", "updated_at") VALUES (?, ?, ?, ?)[0m  [["email", "a@gmail.com"], ["encrypted_password", "$2a$11$sOpy497.29YM5NMfrceYdOoRUiIQp0iAy1u.X7h1yjRmE4x9rthVu"], ["created_at", "2018-04-30 06:49:05.155622"], ["updated_at", "2018-04-30 06:49:05.155622"]]
  [1m[35m (3.1ms)[0m  [1m[36mcommit transaction[0m
  [1m[35m (0.1ms)[0m  [1m[36mbegin transaction[0m
  [1m[35mSQL (0.4ms)[0m  [1m[33mUPDATE "users" SET "sign_in_count" = ?, "current_sign_in_at" = ?, "last_sign_in_at" = ?, "current_sign_in_ip" = ?, "last_sign_in_ip" = ?, "updated_at" = ? WHERE "users"."id" = ?[0m  [["sign_in_count", 1], ["current_sign_in_at", "2018-04-30 06:49:05.161425"], ["last_sign_in_at", "2018-04-30 06:49:05.161425"], ["current_sign_in_ip", "127.0.0.1"], ["last_sign_in_ip", "127.0.0.1"], ["updated_at", "2018-04-30 06:49:05.162288"], ["id", 2]]
  [1m[35m (3.0ms)[0m  [1m[36mcommit transaction[0m
Redirected to http://localhost:3000/impressions
Completed 302 Found in 229ms (ActiveRecord: 7.6ms)


Started GET "/impressions" for 127.0.0.1 at 2018-04-30 15:49:05 +0900
Processing by ImpressionsController#index as HTML
  [1m[36mUser Load (0.3ms)[0m  [1m[34mSELECT  "users".* FROM "users" WHERE "users"."id" = ? ORDER BY "users"."id" ASC LIMIT ?[0m  [["id", 2], ["LIMIT", 1]]
  Rendering impressions/index.html.erb within layouts/application
  Rendered impressions/index.html.erb within layouts/application (0.4ms)
Completed 200 OK in 90ms (Views: 78.9ms | ActiveRecord: 0.3ms)


Started GET "/dramas" for 127.0.0.1 at 2018-04-30 15:50:33 +0900
  
AbstractController::ActionNotFound (The action 'index' could not be found for DramasController):
  
actionpack (5.1.4) lib/abstract_controller/base.rb:119:in `process'
actionview (5.1.4) lib/action_view/rendering.rb:30:in `process'
actionpack (5.1.4) lib/action_controller/metal.rb:189:in `dispatch'
actionpack (5.1.4) lib/action_controller/metal.rb:253:in `dispatch'
actionpack (5.1.4) lib/action_dispatch/routing/route_set.rb:49:in `dispatch'
actionpack (5.1.4) lib/action_dispatch/routing/route_set.rb:31:in `serve'
actionpack (5.1.4) lib/action_dispatch/journey/router.rb:50:in `block in serve'
actionpack (5.1.4) lib/action_dispatch/journey/router.rb:33:in `each'
actionpack (5.1.4) lib/action_dispatch/journey/router.rb:33:in `serve'
actionpack (5.1.4) lib/action_dispatch/routing/route_set.rb:834:in `call'
omniauth (1.8.1) lib/omniauth/strategy.rb:190:in `call!'
omniauth (1.8.1) lib/omniauth/strategy.rb:168:in `call'
warden (1.2.7) lib/warden/manager.rb:36:in `block in call'
warden (1.2.7) lib/warden/manager.rb:35:in `catch'
warden (1.2.7) lib/warden/manager.rb:35:in `call'
rack (2.0.3) lib/rack/etag.rb:25:in `call'
rack (2.0.3) lib/rack/conditional_get.rb:25:in `call'
rack (2.0.3) lib/rack/head.rb:12:in `call'
rack (2.0.3) lib/rack/session/abstract/id.rb:232:in `context'
rack (2.0.3) lib/rack/session/abstract/id.rb:226:in `call'
actionpack (5.1.4) lib/action_dispatch/middleware/cookies.rb:613:in `call'
activerecord (5.1.4) lib/active_record/migration.rb:556:in `call'
actionpack (5.1.4) lib/action_dispatch/middleware/callbacks.rb:26:in `block in call'
activesupport (5.1.4) lib/active_support/callbacks.rb:97:in `run_callbacks'
actionpack (5.1.4) lib/action_dispatch/middleware/callbacks.rb:24:in `call'
actionpack (5.1.4) lib/action_dispatch/middleware/executor.rb:12:in `call'
actionpack (5.1.4) lib/action_dispatch/middleware/debug_exceptions.rb:59:in `call'
web-console (3.5.1) lib/web_console/middleware.rb:135:in `call_app'
web-console (3.5.1) lib/web_console/middleware.rb:28:in `block in call'
web-console (3.5.1) lib/web_console/middleware.rb:18:in `catch'
web-console (3.5.1) lib/web_console/middleware.rb:18:in `call'
actionpack (5.1.4) lib/action_dispatch/middleware/show_exceptions.rb:31:in `call'
railties (5.1.4) lib/rails/rack/logger.rb:36:in `call_app'
railties (5.1.4) lib/rails/rack/logger.rb:24:in `block in call'
activesupport (5.1.4) lib/active_support/tagged_logging.rb:69:in `block in tagged'
activesupport (5.1.4) lib/active_support/tagged_logging.rb:26:in `tagged'
activesupport (5.1.4) lib/active_support/tagged_logging.rb:69:in `tagged'
railties (5.1.4) lib/rails/rack/logger.rb:24:in `call'
sprockets-rails (3.2.1) lib/sprockets/rails/quiet_assets.rb:13:in `call'
actionpack (5.1.4) lib/action_dispatch/middleware/remote_ip.rb:79:in `call'
actionpack (5.1.4) lib/action_dispatch/middleware/request_id.rb:25:in `call'
rack (2.0.3) lib/rack/method_override.rb:22:in `call'
rack (2.0.3) lib/rack/runtime.rb:22:in `call'
activesupport (5.1.4) lib/active_support/cache/strategy/local_cache_middleware.rb:27:in `call'
actionpack (5.1.4) lib/action_dispatch/middleware/executor.rb:12:in `call'
actionpack (5.1.4) lib/action_dispatch/middleware/static.rb:125:in `call'
rack (2.0.3) lib/rack/sendfile.rb:111:in `call'
railties (5.1.4) lib/rails/engine.rb:522:in `call'
puma (3.11.0) lib/puma/configuration.rb:225:in `call'
puma (3.11.0) lib/puma/server.rb:624:in `handle_request'
puma (3.11.0) lib/puma/server.rb:438:in `process_client'
puma (3.11.0) lib/puma/server.rb:302:in `block in run'
puma (3.11.0) lib/puma/thread_pool.rb:120:in `block in spawn_thread'
Started GET "/dramas" for 127.0.0.1 at 2018-04-30 15:50:51 +0900
Processing by DramasController#index as HTML
Completed 401 Unauthorized in 304ms


  
ActionController::UnknownFormat (DramasController#index is missing a template for this request format and variant.

request.formats: ["text/html"]
request.variant: []

NOTE! For XHR/Ajax or API requests, this action would normally respond with 204 No Content: an empty white screen. Since you're loading it in a web browser, we assume that you expected to actually render a template, not nothing, so we're showing an error to be extra-clear. If you expect 204 No Content, carry on. That's what you'll get from an XHR or API request. Give it a shot.):
  
actionpack (5.1.4) lib/action_controller/metal/implicit_render.rb:53:in `default_render'
actionpack (5.1.4) lib/action_controller/metal/basic_implicit_render.rb:4:in `block in send_action'
actionpack (5.1.4) lib/action_controller/metal/basic_implicit_render.rb:4:in `tap'
actionpack (5.1.4) lib/action_controller/metal/basic_implicit_render.rb:4:in `send_action'
actionpack (5.1.4) lib/abstract_controller/base.rb:186:in `process_action'
actionpack (5.1.4) lib/action_controller/metal/rendering.rb:30:in `process_action'
actionpack (5.1.4) lib/abstract_controller/callbacks.rb:20:in `block in process_action'
activesupport (5.1.4) lib/active_support/callbacks.rb:131:in `run_callbacks'
actionpack (5.1.4) lib/abstract_controller/callbacks.rb:19:in `process_action'
actionpack (5.1.4) lib/action_controller/metal/rescue.rb:20:in `process_action'
actionpack (5.1.4) lib/action_controller/metal/instrumentation.rb:32:in `block in process_action'
activesupport (5.1.4) lib/active_support/notifications.rb:166:in `block in instrument'
activesupport (5.1.4) lib/active_support/notifications/instrumenter.rb:21:in `instrument'
activesupport (5.1.4) lib/active_support/notifications.rb:166:in `instrument'
actionpack (5.1.4) lib/action_controller/metal/instrumentation.rb:30:in `process_action'
actionpack (5.1.4) lib/action_controller/metal/params_wrapper.rb:252:in `process_action'
activerecord (5.1.4) lib/active_record/railties/controller_runtime.rb:22:in `process_action'
actionpack (5.1.4) lib/abstract_controller/base.rb:124:in `process'
actionview (5.1.4) lib/action_view/rendering.rb:30:in `process'
actionpack (5.1.4) lib/action_controller/metal.rb:189:in `dispatch'
actionpack (5.1.4) lib/action_controller/metal.rb:253:in `dispatch'
actionpack (5.1.4) lib/action_dispatch/routing/route_set.rb:49:in `dispatch'
actionpack (5.1.4) lib/action_dispatch/routing/route_set.rb:31:in `serve'
actionpack (5.1.4) lib/action_dispatch/journey/router.rb:50:in `block in serve'
actionpack (5.1.4) lib/action_dispatch/journey/router.rb:33:in `each'
actionpack (5.1.4) lib/action_dispatch/journey/router.rb:33:in `serve'
actionpack (5.1.4) lib/action_dispatch/routing/route_set.rb:834:in `call'
omniauth (1.8.1) lib/omniauth/strategy.rb:190:in `call!'
omniauth (1.8.1) lib/omniauth/strategy.rb:168:in `call'
warden (1.2.7) lib/warden/manager.rb:36:in `block in call'
warden (1.2.7) lib/warden/manager.rb:35:in `catch'
warden (1.2.7) lib/warden/manager.rb:35:in `call'
rack (2.0.3) lib/rack/etag.rb:25:in `call'
rack (2.0.3) lib/rack/conditional_get.rb:25:in `call'
rack (2.0.3) lib/rack/head.rb:12:in `call'
rack (2.0.3) lib/rack/session/abstract/id.rb:232:in `context'
rack (2.0.3) lib/rack/session/abstract/id.rb:226:in `call'
actionpack (5.1.4) lib/action_dispatch/middleware/cookies.rb:613:in `call'
activerecord (5.1.4) lib/active_record/migration.rb:556:in `call'
actionpack (5.1.4) lib/action_dispatch/middleware/callbacks.rb:26:in `block in call'
activesupport (5.1.4) lib/active_support/callbacks.rb:97:in `run_callbacks'
actionpack (5.1.4) lib/action_dispatch/middleware/callbacks.rb:24:in `call'
actionpack (5.1.4) lib/action_dispatch/middleware/executor.rb:12:in `call'
actionpack (5.1.4) lib/action_dispatch/middleware/debug_exceptions.rb:59:in `call'
web-console (3.5.1) lib/web_console/middleware.rb:135:in `call_app'
web-console (3.5.1) lib/web_console/middleware.rb:28:in `block in call'
web-console (3.5.1) lib/web_console/middleware.rb:18:in `catch'
web-console (3.5.1) lib/web_console/middleware.rb:18:in `call'
actionpack (5.1.4) lib/action_dispatch/middleware/show_exceptions.rb:31:in `call'
railties (5.1.4) lib/rails/rack/logger.rb:36:in `call_app'
railties (5.1.4) lib/rails/rack/logger.rb:24:in `block in call'
activesupport (5.1.4) lib/active_support/tagged_logging.rb:69:in `block in tagged'
activesupport (5.1.4) lib/active_support/tagged_logging.rb:26:in `tagged'
activesupport (5.1.4) lib/active_support/tagged_logging.rb:69:in `tagged'
railties (5.1.4) lib/rails/rack/logger.rb:24:in `call'
sprockets-rails (3.2.1) lib/sprockets/rails/quiet_assets.rb:13:in `call'
actionpack (5.1.4) lib/action_dispatch/middleware/remote_ip.rb:79:in `call'
actionpack (5.1.4) lib/action_dispatch/middleware/request_id.rb:25:in `call'
rack (2.0.3) lib/rack/method_override.rb:22:in `call'
rack (2.0.3) lib/rack/runtime.rb:22:in `call'
activesupport (5.1.4) lib/active_support/cache/strategy/local_cache_middleware.rb:27:in `call'
actionpack (5.1.4) lib/action_dispatch/middleware/executor.rb:12:in `call'
actionpack (5.1.4) lib/action_dispatch/middleware/static.rb:125:in `call'
rack (2.0.3) lib/rack/sendfile.rb:111:in `call'
railties (5.1.4) lib/rails/engine.rb:522:in `call'
puma (3.11.0) lib/puma/configuration.rb:225:in `call'
puma (3.11.0) lib/puma/server.rb:624:in `handle_request'
puma (3.11.0) lib/puma/server.rb:438:in `process_client'
puma (3.11.0) lib/puma/server.rb:302:in `block in run'
puma (3.11.0) lib/puma/thread_pool.rb:120:in `block in spawn_thread'
Started GET "/dramas" for 127.0.0.1 at 2018-04-30 15:51:40 +0900
Processing by DramasController#index as HTML
  Rendering dramas/index.html.erb within layouts/application
  Rendered dramas/index.html.erb within layouts/application (0.3ms)
Completed 200 OK in 166ms (Views: 162.5ms)


  [1m[36mDrama Load (7.8ms)[0m  [1m[34mSELECT  "dramas".* FROM "dramas" LIMIT ?[0m  [["LIMIT", 11]]
  [1m[35m (0.1ms)[0m  [1m[36mbegin transaction[0m
  [1m[35mSQL (2.8ms)[0m  [1m[32mINSERT INTO "dramas" ("title", "created_at", "updated_at") VALUES (?, ?, ?)[0m  [["title", "Game of thrones\","], ["created_at", "2018-04-30 06:55:14.780495"], ["updated_at", "2018-04-30 06:55:14.780495"]]
  [1m[35m (3.2ms)[0m  [1m[36mcommit transaction[0m
  [1m[36mDrama Load (0.5ms)[0m  [1m[34mSELECT  "dramas".* FROM "dramas" ORDER BY "dramas"."id" ASC LIMIT ?[0m  [["LIMIT", 1]]
  [1m[35m (0.2ms)[0m  [1m[36mbegin transaction[0m
  [1m[35mSQL (0.5ms)[0m  [1m[33mUPDATE "dramas" SET "over_view" = ?, "updated_at" = ? WHERE "dramas"."id" = ?[0m  [["over_view", "aaa"], ["updated_at", "2018-04-30 06:56:10.279037"], ["id", 1]]
  [1m[35m (3.2ms)[0m  [1m[36mcommit transaction[0m
  [1m[36mDrama Load (0.3ms)[0m  [1m[34mSELECT  "dramas".* FROM "dramas" LIMIT ?[0m  [["LIMIT", 11]]
Started GET "/dramas" for 127.0.0.1 at 2018-04-30 15:57:43 +0900
Processing by DramasController#index as HTML
  Rendering dramas/index.html.erb within layouts/application
  Rendered dramas/index.html.erb within layouts/application (7.8ms)
Completed 401 Unauthorized in 40ms


  
ActionView::Template::Error (uninitialized constant ActionView::CompiledTemplates::Doramas):
    1: <h1>hoz!</h1>
    2: <% Doramas%>
  
app/views/dramas/index.html.erb:2:in `_app_views_dramas_index_html_erb___4300705361828321709_70305524054440'
Started GET "/dramas" for 127.0.0.1 at 2018-04-30 15:57:55 +0900
Processing by DramasController#index as HTML
  Rendering dramas/index.html.erb within layouts/application
  Rendered dramas/index.html.erb within layouts/application (0.5ms)
Completed 200 OK in 160ms (Views: 156.0ms)


Started GET "/dramas" for 127.0.0.1 at 2018-04-30 15:58:28 +0900
Processing by DramasController#index as HTML
  Rendering dramas/index.html.erb within layouts/application
  [1m[36mUser Load (2.4ms)[0m  [1m[34mSELECT  "users".* FROM "users" WHERE "users"."id" = ? ORDER BY "users"."id" ASC LIMIT ?[0m  [["id", 2], ["LIMIT", 1]]
  Rendered partial/_navbar.html.erb (34.8ms)
  Rendered dramas/index.html.erb within layouts/application (43.1ms)
Completed 200 OK in 193ms (Views: 190.8ms | ActiveRecord: 3.9ms)


Started GET "/dramas" for 127.0.0.1 at 2018-04-30 16:00:55 +0900
Processing by DramasController#index as HTML
  Rendering dramas/index.html.erb within layouts/application
  [1m[36mUser Load (0.3ms)[0m  [1m[34mSELECT  "users".* FROM "users" WHERE "users"."id" = ? ORDER BY "users"."id" ASC LIMIT ?[0m  [["id", 2], ["LIMIT", 1]]
  Rendered partial/_navbar.html.erb (5.9ms)
  [1m[36mDrama Load (2.2ms)[0m  [1m[34mSELECT "dramas".* FROM "dramas" ORDER BY "dramas"."created_at" DESC[0m
  Rendered dramas/index.html.erb within layouts/application (28.7ms)
Completed 200 OK in 188ms (Views: 180.4ms | ActiveRecord: 3.2ms)


Started GET "/dramas" for 127.0.0.1 at 2018-04-30 16:01:32 +0900
Processing by DramasController#index as HTML
  Rendering dramas/index.html.erb within layouts/application
  [1m[36mUser Load (0.3ms)[0m  [1m[34mSELECT  "users".* FROM "users" WHERE "users"."id" = ? ORDER BY "users"."id" ASC LIMIT ?[0m  [["id", 2], ["LIMIT", 1]]
  Rendered partial/_navbar.html.erb (7.7ms)
  [1m[36mDrama Load (0.3ms)[0m  [1m[34mSELECT "dramas".* FROM "dramas" ORDER BY "dramas"."created_at" DESC[0m
  Rendered dramas/index.html.erb within layouts/application (416.9ms)
Completed 401 Unauthorized in 438ms (ActiveRecord: 0.6ms)


  
ActionView::Template::Error (undefined local variable or method `post' for #<#<Class:0x007fe28f92e950>:0x007fe289b637d0>):
    1: <%= render "partial/navbar" %>
    2: <ul>
    3:  <% @dramas.each do |drama| %> 
    4:   <li><%= post.title %></li>
    5:  <% end %> 
    6: </ul>
    7: <h1>hoz!</h1>
  
app/views/dramas/index.html.erb:4:in `block in _app_views_dramas_index_html_erb___4300705361828321709_70305474896280'
app/views/dramas/index.html.erb:3:in `_app_views_dramas_index_html_erb___4300705361828321709_70305474896280'
Started GET "/dramas" for 127.0.0.1 at 2018-04-30 16:01:55 +0900
Processing by DramasController#index as HTML
  Rendering dramas/index.html.erb within layouts/application
  [1m[36mUser Load (0.3ms)[0m  [1m[34mSELECT  "users".* FROM "users" WHERE "users"."id" = ? ORDER BY "users"."id" ASC LIMIT ?[0m  [["id", 2], ["LIMIT", 1]]
  Rendered partial/_navbar.html.erb (7.4ms)
  [1m[36mDrama Load (0.3ms)[0m  [1m[34mSELECT "dramas".* FROM "dramas" ORDER BY "dramas"."created_at" DESC[0m
  Rendered dramas/index.html.erb within layouts/application (14.8ms)
Completed 200 OK in 213ms (Views: 209.2ms | ActiveRecord: 0.6ms)


  [1m[35m (0.4ms)[0m  [1m[34mSELECT "schema_migrations"."version" FROM "schema_migrations" ORDER BY "schema_migrations"."version" ASC[0m
  [1m[35m (0.3ms)[0m  [1m[34mSELECT "ar_internal_metadata"."value" FROM "ar_internal_metadata" WHERE "ar_internal_metadata"."key" = ?[0m  [["key", "environment"]]
  [1m[35m (0.1ms)[0m  [1m[34mSELECT "schema_migrations"."version" FROM "schema_migrations" ORDER BY "schema_migrations"."version" ASC[0m
  [1m[35m (0.1ms)[0m  [1m[34mSELECT "ar_internal_metadata"."value" FROM "ar_internal_metadata" WHERE "ar_internal_metadata"."key" = ?[0m  [["key", "environment"]]
  [1m[35m (0.2ms)[0m  [1m[34mSELECT "schema_migrations"."version" FROM "schema_migrations" ORDER BY "schema_migrations"."version" ASC[0m
  [1m[35m (0.1ms)[0m  [1m[34mSELECT "ar_internal_metadata"."value" FROM "ar_internal_metadata" WHERE "ar_internal_metadata"."key" = ?[0m  [["key", "environment"]]
  [1m[35m (0.1ms)[0m  [1m[34mSELECT sqlite_version(*)[0m
  [1m[35m (3.6ms)[0m  [1m[35mCREATE TABLE "schema_migrations" ("version" varchar NOT NULL PRIMARY KEY)[0m
  [1m[35m (3.8ms)[0m  [1m[35mCREATE TABLE "ar_internal_metadata" ("key" varchar NOT NULL PRIMARY KEY, "value" varchar, "created_at" datetime NOT NULL, "updated_at" datetime NOT NULL)[0m
  [1m[35m (0.3ms)[0m  [1m[34mSELECT "schema_migrations"."version" FROM "schema_migrations" ORDER BY "schema_migrations"."version" ASC[0m
Migrating to DeviseCreateUsers (20180209090328)
  [1m[35m (0.1ms)[0m  [1m[36mbegin transaction[0m
  [1m[35m (0.7ms)[0m  [1m[35mCREATE TABLE "users" ("id" INTEGER PRIMARY KEY AUTOINCREMENT NOT NULL, "email" varchar DEFAULT '' NOT NULL, "encrypted_password" varchar DEFAULT '' NOT NULL, "reset_password_token" varchar, "reset_password_sent_at" datetime, "remember_created_at" datetime, "sign_in_count" integer DEFAULT 0 NOT NULL, "current_sign_in_at" datetime, "last_sign_in_at" datetime, "current_sign_in_ip" varchar, "last_sign_in_ip" varchar, "created_at" datetime NOT NULL, "updated_at" datetime NOT NULL)[0m
  [1m[35m (0.2ms)[0m  [1m[35mCREATE UNIQUE INDEX "index_users_on_email" ON "users" ("email")[0m
  [1m[35m (0.7ms)[0m  [1m[34m            SELECT sql
            FROM sqlite_master
            WHERE name='index_users_on_email' AND type='index'
            UNION ALL
            SELECT sql
            FROM sqlite_temp_master
            WHERE name='index_users_on_email' AND type='index'
[0m
  [1m[35m (0.2ms)[0m  [1m[35mCREATE UNIQUE INDEX "index_users_on_reset_password_token" ON "users" ("reset_password_token")[0m
  [1m[35mSQL (0.3ms)[0m  [1m[32mINSERT INTO "schema_migrations" ("version") VALUES (?)[0m  [["version", "20180209090328"]]
  [1m[35m (6.6ms)[0m  [1m[36mcommit transaction[0m
Migrating to AddOmniauthToUsers (20180218074710)
  [1m[35m (0.1ms)[0m  [1m[36mbegin transaction[0m
  [1m[35m (0.5ms)[0m  [1m[35mALTER TABLE "users" ADD "provider" varchar[0m
  [1m[35m (0.2ms)[0m  [1m[35mALTER TABLE "users" ADD "uid" varchar[0m
  [1m[35m (0.2ms)[0m  [1m[35mALTER TABLE "users" ADD "image" varchar[0m
  [1m[35m (0.2ms)[0m  [1m[35mALTER TABLE "users" ADD "name" varchar[0m
  [1m[35mSQL (0.4ms)[0m  [1m[32mINSERT INTO "schema_migrations" ("version") VALUES (?)[0m  [["version", "20180218074710"]]
  [1m[35m (4.6ms)[0m  [1m[36mcommit transaction[0m
Migrating to AddExtraFieldsToUser (20180220021234)
  [1m[35m (0.1ms)[0m  [1m[36mbegin transaction[0m
  [1m[35m (0.8ms)[0m  [1m[35mALTER TABLE "users" ADD "phone_number" varchar[0m
  [1m[35m (0.3ms)[0m  [1m[35mALTER TABLE "users" ADD "description" varchar[0m
  [1m[35mSQL (0.2ms)[0m  [1m[32mINSERT INTO "schema_migrations" ("version") VALUES (?)[0m  [["version", "20180220021234"]]
  [1m[35m (2.8ms)[0m  [1m[36mcommit transaction[0m
Migrating to CreateImpressions (20180220093836)
  [1m[35m (0.1ms)[0m  [1m[36mbegin transaction[0m
  [1m[35m (0.6ms)[0m  [1m[35mCREATE TABLE "impressions" ("id" INTEGER PRIMARY KEY AUTOINCREMENT NOT NULL, "title" varchar, "season" integer, "episode" integer, "evaluation" integer, "netabare" boolean, "content" text, "user_id" integer, "created_at" datetime NOT NULL, "updated_at" datetime NOT NULL, CONSTRAINT "fk_rails_f3d458d513"
FOREIGN KEY ("user_id")
  REFERENCES "users" ("id")
)[0m
  [1m[35m (0.1ms)[0m  [1m[35mCREATE  INDEX "index_impressions_on_user_id" ON "impressions" ("user_id")[0m
  [1m[35mSQL (0.2ms)[0m  [1m[32mINSERT INTO "schema_migrations" ("version") VALUES (?)[0m  [["version", "20180220093836"]]
  [1m[35m (3.0ms)[0m  [1m[36mcommit transaction[0m
Migrating to CreateDramas (20180430064211)
  [1m[35m (0.1ms)[0m  [1m[36mbegin transaction[0m
  [1m[35m (0.9ms)[0m  [1m[35mCREATE TABLE "dramas" ("id" INTEGER PRIMARY KEY AUTOINCREMENT NOT NULL, "title" varchar, "over_view" text, "created_at" datetime NOT NULL, "updated_at" datetime NOT NULL)[0m
  [1m[35mSQL (0.3ms)[0m  [1m[32mINSERT INTO "schema_migrations" ("version") VALUES (?)[0m  [["version", "20180430064211"]]
  [1m[35m (3.2ms)[0m  [1m[36mcommit transaction[0m
Migrating to AddDramasToTitles (20180430070708)
  [1m[35m (0.1ms)[0m  [1m[36mbegin transaction[0m
  [1m[35m (0.7ms)[0m  [1m[35mALTER TABLE "titles" ADD "asin" varchar[0m
  [1m[35m (0.1ms)[0m  [1m[31mrollback transaction[0m
  [1m[35m (2.4ms)[0m  [1m[34mSELECT "schema_migrations"."version" FROM "schema_migrations" ORDER BY "schema_migrations"."version" ASC[0m
  [1m[35m (2.5ms)[0m  [1m[34mSELECT "ar_internal_metadata"."value" FROM "ar_internal_metadata" WHERE "ar_internal_metadata"."key" = ?[0m  [["key", "environment"]]
  [1m[35m (0.2ms)[0m  [1m[34mSELECT "schema_migrations"."version" FROM "schema_migrations" ORDER BY "schema_migrations"."version" ASC[0m
  [1m[35m (0.1ms)[0m  [1m[34mSELECT "ar_internal_metadata"."value" FROM "ar_internal_metadata" WHERE "ar_internal_metadata"."key" = ?[0m  [["key", "environment"]]
  [1m[35m (0.2ms)[0m  [1m[34mSELECT "schema_migrations"."version" FROM "schema_migrations" ORDER BY "schema_migrations"."version" ASC[0m
Migrating to AddAsinToDramas (20180430070944)
  [1m[35m (0.1ms)[0m  [1m[36mbegin transaction[0m
  [1m[35m (0.9ms)[0m  [1m[35mALTER TABLE "dramas" ADD "asin" varchar[0m
  [1m[35mSQL (2.5ms)[0m  [1m[32mINSERT INTO "schema_migrations" ("version") VALUES (?)[0m  [["version", "20180430070944"]]
  [1m[35m (3.8ms)[0m  [1m[36mcommit transaction[0m
  [1m[36mActiveRecord::InternalMetadata Load (0.6ms)[0m  [1m[34mSELECT  "ar_internal_metadata".* FROM "ar_internal_metadata" WHERE "ar_internal_metadata"."key" = ? LIMIT ?[0m  [["key", "environment"], ["LIMIT", 1]]
  [1m[35m (0.1ms)[0m  [1m[36mbegin transaction[0m
  [1m[35mSQL (5.5ms)[0m  [1m[32mINSERT INTO "ar_internal_metadata" ("key", "value", "created_at", "updated_at") VALUES (?, ?, ?, ?)[0m  [["key", "environment"], ["value", "development"], ["created_at", "2018-04-30 07:10:53.372313"], ["updated_at", "2018-04-30 07:10:53.372313"]]
  [1m[35m (3.1ms)[0m  [1m[36mcommit transaction[0m
  [1m[35m (0.3ms)[0m  [1m[34mSELECT "schema_migrations"."version" FROM "schema_migrations" ORDER BY "schema_migrations"."version" ASC[0m
  [1m[35m (0.2ms)[0m  [1m[34m            SELECT sql
            FROM sqlite_master
            WHERE name='index_impressions_on_user_id' AND type='index'
            UNION ALL
            SELECT sql
            FROM sqlite_temp_master
            WHERE name='index_impressions_on_user_id' AND type='index'
[0m
  [1m[35m (0.2ms)[0m  [1m[34m            SELECT sql
            FROM sqlite_master
            WHERE name='index_users_on_reset_password_token' AND type='index'
            UNION ALL
            SELECT sql
            FROM sqlite_temp_master
            WHERE name='index_users_on_reset_password_token' AND type='index'
[0m
  [1m[35m (0.1ms)[0m  [1m[34m            SELECT sql
            FROM sqlite_master
            WHERE name='index_users_on_email' AND type='index'
            UNION ALL
            SELECT sql
            FROM sqlite_temp_master
            WHERE name='index_users_on_email' AND type='index'
[0m
  [1m[36mDrama Load (1.7ms)[0m  [1m[34mSELECT  "dramas".* FROM "dramas" LIMIT ?[0m  [["LIMIT", 11]]
  [1m[35m (0.1ms)[0m  [1m[36mbegin transaction[0m
  [1m[35mSQL (1.3ms)[0m  [1m[32mINSERT INTO "dramas" ("title", "over_view", "created_at", "updated_at", "asin") VALUES (?, ?, ?, ?, ?)[0m  [["title", "game of thrones"], ["over_view", "aaa"], ["created_at", "2018-04-30 07:12:03.616409"], ["updated_at", "2018-04-30 07:12:03.616409"], ["asin", "B07CGZ3YNP"]]
  [1m[35m (3.2ms)[0m  [1m[36mcommit transaction[0m
  [1m[35m (0.1ms)[0m  [1m[36mbegin transaction[0m
  [1m[35mSQL (0.4ms)[0m  [1m[32mINSERT INTO "dramas" ("title", "over_view", "created_at", "updated_at", "asin") VALUES (?, ?, ?, ?, ?)[0m  [["title", "game of thrones2"], ["over_view", "aaabbb"], ["created_at", "2018-04-30 07:12:17.310299"], ["updated_at", "2018-04-30 07:12:17.310299"], ["asin", "B07CGZ3YNP"]]
  [1m[35m (2.7ms)[0m  [1m[36mcommit transaction[0m
Started GET "/dramas" for 127.0.0.1 at 2018-04-30 16:12:45 +0900
  [1m[35m (0.2ms)[0m  [1m[34mSELECT "schema_migrations"."version" FROM "schema_migrations" ORDER BY "schema_migrations"."version" ASC[0m
Processing by DramasController#index as HTML
  Rendering dramas/index.html.erb within layouts/application
  [1m[36mUser Load (0.4ms)[0m  [1m[34mSELECT  "users".* FROM "users" WHERE "users"."id" = ? ORDER BY "users"."id" ASC LIMIT ?[0m  [["id", 2], ["LIMIT", 1]]
  Rendered partial/_navbar.html.erb (683.2ms)
  [1m[36mDrama Load (0.3ms)[0m  [1m[34mSELECT "dramas".* FROM "dramas" ORDER BY "dramas"."created_at" DESC[0m
  Rendered dramas/index.html.erb within layouts/application (710.4ms)
Completed 200 OK in 1106ms (Views: 1072.2ms | ActiveRecord: 3.4ms)


